<?xml version="1.0" encoding="UTF-8"?>
<!-- Generated by org.testng.reporters.JUnitReportReporter -->
<testsuite skipped="0" hostname="chetanpc" name="PDP_pages1_test.page1_test" tests="8" failures="0" timestamp="28 Jul 2022 18:08:51 GMT" time="0.000" errors="0">
  <testcase name="group_regration1" time="0.000" classname="PDP_pages1_test.page1_test"/>
  <testcase name="group_regration3" time="0.000" classname="PDP_pages1_test.page1_test"/>
  <testcase name="group_regration" time="0.000" classname="PDP_pages1_test.page1_test"/>
  <testcase name="group_regration4" time="0.000" classname="PDP_pages1_test.page1_test"/>
  <testcase name="group_regration2" time="0.000" classname="PDP_pages1_test.page1_test"/>
  <testcase name="Test_1" time="0.000" classname="PDP_pages1_test.page1_test"/>
  <testcase name="Test_2" time="0.000" classname="PDP_pages1_test.page1_test"/>
  <testcase name="Test_3" time="0.000" classname="PDP_pages1_test.page1_test"/>
</testsuite> <!-- PDP_pages1_test.page1_test -->
