<?xml version="1.0" encoding="UTF-8"?>
<!-- Generated by org.testng.reporters.JUnitReportReporter -->
<testsuite skipped="0" hostname="chetanpc" name="PDP_pages1_test.RedBusTest" tests="1" failures="0" timestamp="07 Aug 2022 17:04:44 GMT" time="11.088" errors="0">
  <testcase name="sec_destination" time="11.088" classname="PDP_pages1_test.RedBusTest"/>
</testsuite> <!-- PDP_pages1_test.RedBusTest -->
