<?xml version="1.0" encoding="UTF-8"?>
<!-- Generated by org.testng.reporters.JUnitReportReporter -->
<testsuite skipped="0" hostname="chetanpc" name="PDP_pages1_test.Grouping" tests="4" failures="0" timestamp="06 Aug 2022 09:46:54 GMT" time="50.989" errors="0">
  <testcase name="grp1" time="11.023" classname="PDP_pages1_test.Grouping"/>
  <testcase name="grp2" time="10.696" classname="PDP_pages1_test.Grouping"/>
  <testcase name="grp4" time="12.327" classname="PDP_pages1_test.Grouping"/>
  <testcase name="grp3" time="16.943" classname="PDP_pages1_test.Grouping"/>
</testsuite> <!-- PDP_pages1_test.Grouping -->
